<?xml version="1.0" encoding="UTF-8"?>
<testng-results skipped="0" failed="1" ignored="0" total="3" passed="2">
  <reporter-output>
  </reporter-output>
  <suite name="Suite" duration-ms="24088" started-at="2023-10-11T17:12:15 IST" finished-at="2023-10-11T17:12:39 IST">
    <groups>
    </groups>
    <test name="Test" duration-ms="24088" started-at="2023-10-11T17:12:15 IST" finished-at="2023-10-11T17:12:39 IST">
      <class name="TestCases.LoginTest">
        <test-method status="PASS" signature="setUp()[pri:0, instance:TestCases.LoginTest@3578436e]" name="setUp" is-config="true" duration-ms="18037" started-at="2023-10-11T17:12:16 IST" finished-at="2023-10-11T17:12:34 IST">
          <reporter-output>
          </reporter-output>
        </test-method> <!-- setUp -->
        <test-method status="PASS" signature="loginByEmail()[pri:0, instance:TestCases.LoginTest@3578436e]" name="loginByEmail" duration-ms="72" started-at="2023-10-11T17:12:34 IST" finished-at="2023-10-11T17:12:34 IST">
          <reporter-output>
          </reporter-output>
        </test-method> <!-- loginByEmail -->
        <test-method status="FAIL" signature="loginByFacebook()[pri:0, instance:TestCases.LoginTest@3578436e]" name="loginByFacebook" duration-ms="6" started-at="2023-10-11T17:12:34 IST" finished-at="2023-10-11T17:12:34 IST">
          <exception class="java.lang.AssertionError">
            <message>
              <![CDATA[expected [laxmi] but found [pavan]]]>
            </message>
            <full-stacktrace>
              <![CDATA[java.lang.AssertionError: expected [laxmi] but found [pavan]
at org.testng.Assert.fail(Assert.java:99)
at org.testng.Assert.failNotEquals(Assert.java:1037)
at org.testng.Assert.assertEqualsImpl(Assert.java:140)
at org.testng.Assert.assertEquals(Assert.java:122)
at org.testng.Assert.assertEquals(Assert.java:629)
at org.testng.Assert.assertEquals(Assert.java:639)
at TestCases.LoginTest.loginByFacebook(LoginTest.java:37)
at sun.reflect.NativeMethodAccessorImpl.invoke0(Native Method)
at sun.reflect.NativeMethodAccessorImpl.invoke(NativeMethodAccessorImpl.java:62)
at sun.reflect.DelegatingMethodAccessorImpl.invoke(DelegatingMethodAccessorImpl.java:43)
at java.lang.reflect.Method.invoke(Method.java:498)
at org.testng.internal.MethodInvocationHelper.invokeMethod(MethodInvocationHelper.java:133)
at org.testng.internal.TestInvoker.invokeMethod(TestInvoker.java:598)
at org.testng.internal.TestInvoker.invokeTestMethod(TestInvoker.java:173)
at org.testng.internal.MethodRunner.runInSequence(MethodRunner.java:46)
at org.testng.internal.TestInvoker$MethodInvocationAgent.invoke(TestInvoker.java:824)
at org.testng.internal.TestInvoker.invokeTestMethods(TestInvoker.java:146)
at org.testng.internal.TestMethodWorker.invokeTestMethods(TestMethodWorker.java:146)
at org.testng.internal.TestMethodWorker.run(TestMethodWorker.java:128)
at java.util.ArrayList.forEach(ArrayList.java:1257)
at org.testng.TestRunner.privateRun(TestRunner.java:794)
at org.testng.TestRunner.run(TestRunner.java:596)
at org.testng.SuiteRunner.runTest(SuiteRunner.java:377)
at org.testng.SuiteRunner.runSequentially(SuiteRunner.java:371)
at org.testng.SuiteRunner.privateRun(SuiteRunner.java:332)
at org.testng.SuiteRunner.run(SuiteRunner.java:276)
at org.testng.SuiteRunnerWorker.runSuite(SuiteRunnerWorker.java:53)
at org.testng.SuiteRunnerWorker.run(SuiteRunnerWorker.java:96)
at org.testng.TestNG.runSuitesSequentially(TestNG.java:1212)
at org.testng.TestNG.runSuitesLocally(TestNG.java:1134)
at org.testng.TestNG.runSuites(TestNG.java:1063)
at org.testng.TestNG.run(TestNG.java:1031)
at org.testng.remote.AbstractRemoteTestNG.run(AbstractRemoteTestNG.java:115)
at org.testng.remote.RemoteTestNG.initAndRun(RemoteTestNG.java:251)
at org.testng.remote.RemoteTestNG.main(RemoteTestNG.java:77)
]]>
            </full-stacktrace>
          </exception> <!-- java.lang.AssertionError -->
          <reporter-output>
          </reporter-output>
        </test-method> <!-- loginByFacebook -->
        <test-method status="PASS" signature="loginTest()[pri:0, instance:TestCases.LoginTest@3578436e]" name="loginTest" duration-ms="3856" started-at="2023-10-11T17:12:34 IST" finished-at="2023-10-11T17:12:38 IST">
          <reporter-output>
          </reporter-output>
        </test-method> <!-- loginTest -->
        <test-method status="PASS" signature="tearDown()[pri:0, instance:TestCases.LoginTest@3578436e]" name="tearDown" is-config="true" duration-ms="1024" started-at="2023-10-11T17:12:38 IST" finished-at="2023-10-11T17:12:39 IST">
          <reporter-output>
          </reporter-output>
        </test-method> <!-- tearDown -->
      </class> <!-- TestCases.LoginTest -->
    </test> <!-- Test -->
  </suite> <!-- Suite -->
</testng-results>
